\BOOKMARK [0][-]{section*.1}{\376\377\000O\000r\000a\000l\000\040\000D\000e\000f\000e\000n\000s\000e\000\040\000R\000e\000c\000o\000m\000m\000e\000n\000d\000a\000t\000i\000o\000n\000\040\000S\000h\000e\000e\000t}{}% 1
\BOOKMARK [0][-]{section*.2}{\376\377\000A\000b\000s\000t\000r\000a\000c\000t}{}% 2
\BOOKMARK [0][-]{section*.4}{\376\377\000T\000a\000b\000l\000e\000\040\000o\000f\000\040\000C\000o\000n\000t\000e\000n\000t\000s}{}% 3
\BOOKMARK [0][-]{section*.5}{\376\377\000L\000i\000s\000t\000\040\000o\000f\000\040\000F\000i\000g\000u\000r\000e\000s}{}% 4
\BOOKMARK [0][-]{section*.6}{\376\377\000L\000i\000s\000t\000\040\000o\000f\000\040\000T\000a\000b\000l\000e\000s}{}% 5
\BOOKMARK [0][-]{section*.7}{\376\377\000A\000b\000b\000r\000e\000v\000i\000a\000t\000i\000o\000n\000s\000\040\000a\000n\000d\000\040\000A\000c\000r\000o\000n\000y\000m\000s}{}% 6
\BOOKMARK [0][-]{section*.9}{\376\377\000N\000o\000t\000a\000t\000i\000o\000n\000s}{}% 7
\BOOKMARK [0][-]{section*.11}{\376\377\000G\000l\000o\000s\000s\000a\000r\000y}{}% 8
\BOOKMARK [0][-]{section*.13}{\376\377\000L\000i\000s\000t\000i\000n\000g\000s}{}% 9
\BOOKMARK [0][-]{chapter.1}{\376\377\000I\000n\000t\000r\000o\000d\000u\000c\000t\000i\000o\000n}{}% 10
\BOOKMARK [1][-]{section.1.1}{\376\377\000B\000a\000c\000k\000g\000r\000o\000u\000n\000d\000\040\000o\000f\000\040\000t\000h\000e\000\040\000S\000t\000u\000d\000y}{chapter.1}% 11
\BOOKMARK [1][-]{section.1.2}{\376\377\000P\000r\000i\000o\000r\000\040\000S\000t\000u\000d\000i\000e\000s}{chapter.1}% 12
\BOOKMARK [1][-]{section.1.3}{\376\377\000P\000r\000o\000b\000l\000e\000m\000\040\000S\000t\000a\000t\000e\000m\000e\000n\000t}{chapter.1}% 13
\BOOKMARK [1][-]{section.1.4}{\376\377\000O\000b\000j\000e\000c\000t\000i\000v\000e\000s\000\040\000a\000n\000d\000\040\000D\000e\000l\000i\000v\000e\000r\000a\000b\000l\000e\000s}{chapter.1}% 14
\BOOKMARK [2][-]{subsection.1.4.1}{\376\377\000G\000e\000n\000e\000r\000a\000l\000\040\000O\000b\000j\000e\000c\000t\000i\000v\000e\000\040\000\050\000G\000O\000\051}{section.1.4}% 15
\BOOKMARK [2][-]{subsection.1.4.2}{\376\377\000S\000p\000e\000c\000i\000f\000i\000c\000\040\000O\000b\000j\000e\000c\000t\000i\000v\000e\000s\000\040\000\050\000S\000O\000s\000\051}{section.1.4}% 16
\BOOKMARK [2][-]{subsection.1.4.3}{\376\377\000E\000x\000p\000e\000c\000t\000e\000d\000\040\000D\000e\000l\000i\000v\000e\000r\000a\000b\000l\000e\000s}{section.1.4}% 17
\BOOKMARK [1][-]{section.1.5}{\376\377\000S\000i\000g\000n\000i\000f\000i\000c\000a\000n\000c\000e\000\040\000o\000f\000\040\000t\000h\000e\000\040\000S\000t\000u\000d\000y}{chapter.1}% 18
\BOOKMARK [2][-]{subsection.1.5.1}{\376\377\000T\000e\000c\000h\000n\000i\000c\000a\000l\000\040\000B\000e\000n\000e\000f\000i\000t}{section.1.5}% 19
\BOOKMARK [2][-]{subsection.1.5.2}{\376\377\000I\000m\000p\000a\000c\000t\000\040\000t\000o\000\040\000t\000h\000e\000\040\000C\000o\000f\000f\000e\000e\000\040\000I\000n\000d\000u\000s\000t\000r\000y}{section.1.5}% 20
\BOOKMARK [1][-]{section.1.6}{\376\377\000A\000s\000s\000u\000m\000p\000t\000i\000o\000n\000s\000,\000\040\000S\000c\000o\000p\000e\000,\000\040\000a\000n\000d\000\040\000D\000e\000l\000i\000m\000i\000t\000a\000t\000i\000o\000n\000s}{chapter.1}% 21
\BOOKMARK [2][-]{subsection.1.6.1}{\376\377\000A\000s\000s\000u\000m\000p\000t\000i\000o\000n\000s}{section.1.6}% 22
\BOOKMARK [2][-]{subsection.1.6.2}{\376\377\000S\000c\000o\000p\000e}{section.1.6}% 23
\BOOKMARK [2][-]{subsection.1.6.3}{\376\377\000D\000e\000l\000i\000m\000i\000t\000a\000t\000i\000o\000n\000s}{section.1.6}% 24
\BOOKMARK [1][-]{section.1.7}{\376\377\000D\000e\000s\000c\000r\000i\000p\000t\000i\000o\000n\000\040\000a\000n\000d\000\040\000M\000e\000t\000h\000o\000d\000o\000l\000o\000g\000y\000\040\000o\000f\000\040\000t\000h\000e\000\040\000T\000h\000e\000s\000i\000s}{chapter.1}% 25
\BOOKMARK [1][-]{section.1.8}{\376\377\000E\000s\000t\000i\000m\000a\000t\000e\000d\000\040\000W\000o\000r\000k\000\040\000S\000c\000h\000e\000d\000u\000l\000e\000\040\000a\000n\000d\000\040\000B\000u\000d\000g\000e\000t}{chapter.1}% 26
\BOOKMARK [1][-]{section.1.9}{\376\377\000O\000v\000e\000r\000v\000i\000e\000w\000\040\000o\000f\000\040\000t\000h\000e\000\040\000T\000h\000e\000s\000i\000s}{chapter.1}% 27
\BOOKMARK [0][-]{chapter.2}{\376\377\000L\000i\000t\000e\000r\000a\000t\000u\000r\000e\000\040\000R\000e\000v\000i\000e\000w}{}% 28
\BOOKMARK [1][-]{section.2.1}{\376\377\000E\000x\000i\000s\000t\000i\000n\000g\000\040\000W\000o\000r\000k}{chapter.2}% 29
\BOOKMARK [1][-]{section.2.2}{\376\377\000L\000a\000c\000k\000i\000n\000g\000\040\000i\000n\000\040\000t\000h\000e\000\040\000A\000p\000p\000r\000o\000a\000c\000h\000e\000s}{chapter.2}% 30
\BOOKMARK [1][-]{section.2.3}{\376\377\000S\000u\000m\000m\000a\000r\000y}{chapter.2}% 31
\BOOKMARK [0][-]{chapter.3}{\376\377\000T\000h\000e\000o\000r\000e\000t\000i\000c\000a\000l\000\040\000C\000o\000n\000s\000i\000d\000e\000r\000a\000t\000i\000o\000n\000s}{}% 32
\BOOKMARK [1][-]{section.3.1}{\376\377\000S\000u\000m\000m\000a\000r\000y}{chapter.3}% 33
\BOOKMARK [0][-]{chapter.4}{\376\377\000D\000e\000s\000i\000g\000n\000\040\000C\000o\000n\000s\000i\000d\000e\000r\000a\000t\000i\000o\000n\000s}{}% 34
\BOOKMARK [1][-]{section.4.1}{\376\377\000S\000t\000a\000n\000d\000a\000r\000d\000s}{chapter.4}% 35
\BOOKMARK [1][-]{section.4.2}{\376\377\000S\000u\000m\000m\000a\000r\000y}{chapter.4}% 36
\BOOKMARK [0][-]{chapter.5}{\376\377\000M\000e\000t\000h\000o\000d\000o\000l\000o\000g\000y}{}% 37
\BOOKMARK [1][-]{section.5.1}{\376\377\000I\000m\000p\000l\000e\000m\000e\000n\000t\000a\000t\000i\000o\000n}{chapter.5}% 38
\BOOKMARK [1][-]{section.5.2}{\376\377\000E\000v\000a\000l\000u\000a\000t\000i\000o\000n}{chapter.5}% 39
\BOOKMARK [1][-]{section.5.3}{\376\377\000S\000u\000m\000m\000a\000r\000y}{chapter.5}% 40
\BOOKMARK [0][-]{chapter.6}{\376\377\000R\000e\000s\000u\000l\000t\000s\000\040\000a\000n\000d\000\040\000D\000i\000s\000c\000u\000s\000s\000i\000o\000n\000s}{}% 41
\BOOKMARK [1][-]{section.6.1}{\376\377\000S\000u\000m\000m\000a\000r\000y}{chapter.6}% 42
\BOOKMARK [0][-]{chapter.7}{\376\377\000C\000o\000n\000c\000l\000u\000s\000i\000o\000n\000s\000,\000\040\000R\000e\000c\000o\000m\000m\000e\000n\000d\000a\000t\000i\000o\000n\000s\000,\000\040\000a\000n\000d\000\040\000F\000u\000t\000u\000r\000e\000\040\000D\000i\000r\000e\000c\000t\000i\000v\000e\000s}{}% 43
\BOOKMARK [1][-]{section.7.1}{\376\377\000C\000o\000n\000c\000l\000u\000d\000i\000n\000g\000\040\000R\000e\000m\000a\000r\000k\000s}{chapter.7}% 44
\BOOKMARK [1][-]{section.7.2}{\376\377\000C\000o\000n\000t\000r\000i\000b\000u\000t\000i\000o\000n\000s}{chapter.7}% 45
\BOOKMARK [1][-]{section.7.3}{\376\377\000R\000e\000c\000o\000m\000m\000e\000n\000d\000a\000t\000i\000o\000n\000s}{chapter.7}% 46
\BOOKMARK [1][-]{section.7.4}{\376\377\000F\000u\000t\000u\000r\000e\000\040\000P\000r\000o\000s\000p\000e\000c\000t\000s}{chapter.7}% 47
\BOOKMARK [0][-]{appendix.A}{\376\377\000S\000t\000u\000d\000e\000n\000t\000\040\000R\000e\000s\000e\000a\000r\000c\000h\000\040\000E\000t\000h\000i\000c\000s\000\040\000C\000l\000e\000a\000r\000a\000n\000c\000e}{}% 48
\BOOKMARK [0][-]{appendix.B}{\376\377\000A\000n\000s\000w\000e\000r\000s\000\040\000t\000o\000\040\000Q\000u\000e\000s\000t\000i\000o\000n\000s\000\040\000t\000o\000\040\000t\000h\000i\000s\000\040\000T\000h\000e\000s\000i\000s}{}% 49
\BOOKMARK [0][-]{appendix.C}{\376\377\000R\000e\000v\000i\000s\000i\000o\000n\000s\000\040\000t\000o\000\040\000t\000h\000e\000\040\000P\000r\000o\000p\000o\000s\000a\000l}{}% 50
\BOOKMARK [0][-]{appendix.D}{\376\377\000R\000e\000v\000i\000s\000i\000o\000n\000s\000\040\000t\000o\000\040\000t\000h\000e\000\040\000F\000i\000n\000a\000l}{}% 51
\BOOKMARK [0][-]{appendix.E}{\376\377\000U\000s\000a\000g\000e\000\040\000E\000x\000a\000m\000p\000l\000e\000s}{}% 52
\BOOKMARK [1][-]{section.E.1}{\376\377\000E\000q\000u\000a\000t\000i\000o\000n\000s}{appendix.E}% 53
\BOOKMARK [1][-]{section.E.2}{\376\377\000N\000o\000t\000a\000t\000i\000o\000n\000s}{appendix.E}% 54
\BOOKMARK [2][-]{subsection.E.2.1}{\376\377\000M\000a\000t\000h\000\040\000a\000l\000p\000h\000a\000b\000e\000t\000s}{section.E.2}% 55
\BOOKMARK [2][-]{subsection.E.2.2}{\376\377\000V\000e\000c\000t\000o\000r\000\040\000s\000y\000m\000b\000o\000l\000s}{section.E.2}% 56
\BOOKMARK [2][-]{subsection.E.2.3}{\376\377\000M\000a\000t\000r\000i\000x\000\040\000s\000y\000m\000b\000o\000l\000s}{section.E.2}% 57
\BOOKMARK [2][-]{subsection.E.2.4}{\376\377\000T\000e\000n\000s\000o\000r\000\040\000s\000y\000m\000b\000o\000l\000s}{section.E.2}% 58
\BOOKMARK [2][-]{subsection.E.2.5}{\376\377\000B\000o\000l\000d\000\040\000m\000a\000t\000h\000\040\000v\000e\000r\000s\000i\000o\000n}{section.E.2}% 59
\BOOKMARK [3][-]{subsubsection.E.2.5.1}{\376\377\000V\000e\000c\000t\000o\000r\000\040\000s\000y\000m\000b\000o\000l\000s}{subsection.E.2.5}% 60
\BOOKMARK [3][-]{subsubsection.E.2.5.2}{\376\377\000M\000a\000t\000r\000i\000x\000\040\000s\000y\000m\000b\000o\000l\000s}{subsection.E.2.5}% 61
\BOOKMARK [3][-]{subsubsection.E.2.5.3}{\376\377\000T\000e\000n\000s\000o\000r\000\040\000s\000y\000m\000b\000o\000l\000s}{subsection.E.2.5}% 62
\BOOKMARK [1][-]{section.E.3}{\376\377\000A\000b\000b\000r\000e\000v\000i\000a\000t\000i\000o\000n}{appendix.E}% 63
\BOOKMARK [1][-]{section.E.4}{\376\377\000G\000l\000o\000s\000s\000a\000r\000y}{appendix.E}% 64
\BOOKMARK [1][-]{section.E.5}{\376\377\000F\000i\000g\000u\000r\000e}{appendix.E}% 65
\BOOKMARK [1][-]{section.E.6}{\376\377\000T\000a\000b\000l\000e}{appendix.E}% 66
\BOOKMARK [1][-]{section.E.7}{\376\377\000A\000l\000g\000o\000r\000i\000t\000h\000m\000\040\000o\000r\000\040\000P\000s\000e\000u\000d\000o\000c\000o\000d\000e\000\040\000L\000i\000s\000t\000i\000n\000g}{appendix.E}% 67
\BOOKMARK [1][-]{section.E.8}{\376\377\000P\000r\000o\000g\000r\000a\000m\000/\000C\000o\000d\000e\000\040\000L\000i\000s\000t\000i\000n\000g}{appendix.E}% 68
\BOOKMARK [1][-]{section.E.9}{\376\377\000R\000e\000f\000e\000r\000e\000n\000c\000i\000n\000g}{appendix.E}% 69
\BOOKMARK [2][-]{subsection.E.9.1}{\376\377\000A\000\040\000s\000u\000b\000s\000e\000c\000t\000i\000o\000n}{section.E.9}% 70
\BOOKMARK [3][-]{subsubsection.E.9.1.1}{\376\377\000A\000\040\000s\000u\000b\000-\000s\000u\000b\000s\000e\000c\000t\000i\000o\000n}{subsection.E.9.1}% 71
\BOOKMARK [1][-]{section.E.10}{\376\377\000C\000i\000t\000i\000n\000g}{appendix.E}% 72
\BOOKMARK [2][-]{subsection.E.10.1}{\376\377\000B\000o\000o\000k\000s}{section.E.10}% 73
\BOOKMARK [2][-]{subsection.E.10.2}{\376\377\000B\000o\000o\000k\000l\000e\000t\000s}{section.E.10}% 74
\BOOKMARK [2][-]{subsection.E.10.3}{\376\377\000P\000r\000o\000c\000e\000e\000d\000i\000n\000g\000s}{section.E.10}% 75
\BOOKMARK [2][-]{subsection.E.10.4}{\376\377\000I\000n\000\040\000b\000o\000o\000k\000s}{section.E.10}% 76
\BOOKMARK [2][-]{subsection.E.10.5}{\376\377\000I\000n\000\040\000p\000r\000o\000c\000e\000e\000d\000i\000n\000g\000s}{section.E.10}% 77
\BOOKMARK [2][-]{subsection.E.10.6}{\376\377\000J\000o\000u\000r\000n\000a\000l\000s}{section.E.10}% 78
\BOOKMARK [2][-]{subsection.E.10.7}{\376\377\000T\000h\000e\000s\000e\000s\000/\000d\000i\000s\000s\000e\000r\000t\000a\000t\000i\000o\000n\000s}{section.E.10}% 79
\BOOKMARK [2][-]{subsection.E.10.8}{\376\377\000T\000e\000c\000h\000n\000i\000c\000a\000l\000\040\000R\000e\000p\000o\000r\000t\000s\000\040\000a\000n\000d\000\040\000O\000t\000h\000e\000r\000s}{section.E.10}% 80
\BOOKMARK [2][-]{subsection.E.10.9}{\376\377\000M\000i\000s\000c\000e\000l\000l\000a\000n\000e\000o\000u\000s}{section.E.10}% 81
\BOOKMARK [1][-]{section.E.11}{\376\377\000I\000n\000d\000e\000x}{appendix.E}% 82
\BOOKMARK [1][-]{section.E.12}{\376\377\000A\000d\000d\000i\000n\000g\000\040\000R\000e\000l\000e\000v\000a\000n\000t\000\040\000P\000D\000F\000\040\000P\000a\000g\000e\000s}{appendix.E}% 83
\BOOKMARK [0][-]{appendix.F}{\376\377\000V\000i\000t\000a}{}% 84
\BOOKMARK [0][-]{appendix.G}{\376\377\000A\000r\000t\000i\000c\000l\000e\000\040\000P\000a\000p\000e\000r\000\050\000s\000\051}{}% 85
